<?xml version="1.0" encoding="UTF-8"?>
<!-- Generated by org.testng.reporters.JUnitReportReporter -->
<testsuite hostname="IBSHYDNB8348" failures="0" tests="1" name="com.training.citrus.SampleTestRunner" time="0.042" errors="0" timestamp="2022-12-12T15:24:56 IST" skipped="0">
  <testcase classname="com.training.citrus.SampleTestRunner" name="ServiceTest" time="0.042"/>
  <system-out/>
</testsuite> <!-- com.training.citrus.SampleTestRunner -->
