<?xml version="1.0" encoding="UTF-8"?>
<!-- Generated by org.testng.reporters.JUnitReportReporter -->
<testsuite hostname="IBSHYDNB8348" failures="0" tests="1" name="com.training.citrus.SampleHttpTest" time="0.078" errors="0" timestamp="2022-12-12T16:56:56 IST" skipped="0">
  <testcase classname="com.training.citrus.SampleHttpTest" name="testGet" time="0.078"/>
  <system-out/>
</testsuite> <!-- com.training.citrus.SampleHttpTest -->
