<?xml version="1.0" encoding="UTF-8"?>
<!-- Generated by org.testng.reporters.JUnitReportReporter -->
<testsuite hostname="IBSHYDNB8348" failures="0" tests="2" name="com.training.citrus.SampleJavaIT" time="0.065" errors="0" timestamp="2022-12-12T13:50:59 IST" skipped="0">
  <testcase classname="com.training.citrus.SampleJavaIT" name="echoToday" time="0.057"/>
  <system-out/>
  <testcase classname="com.training.citrus.SampleJavaIT" name="sayHello" time="0.008"/>
  <system-out/>
</testsuite> <!-- com.training.citrus.SampleJavaIT -->
